This is pdfTeX, Version 3.14159265-2.6-1.40.20 (TeX Live 2019/Debian) (preloaded format=pdflatex 2021.1.18)  9 JUL 2021 17:03
entering extended mode
 restricted \write18 enabled.
 %&-line parsing enabled.
**Thesis.tex
(./Thesis.tex
LaTeX2e <2020-02-02> patch level 2
L3 programming layer <2020-02-14>
\@input{myPreamble.aux}
\openout2 = `myPreamble.aux'.

(./myPreamble.tex (/usr/share/texlive/texmf-dist/tex/latex/base/report.cls
Document Class: report 2019/12/20 v1.4l Standard LaTeX document class
(/usr/share/texlive/texmf-dist/tex/latex/base/size12.clo
File: size12.clo 2019/12/20 v1.4l Standard LaTeX file (size option)
)
\c@part=\count167
\c@chapter=\count168
\c@section=\count169
\c@subsection=\count170
\c@subsubsection=\count171
\c@paragraph=\count172
\c@subparagraph=\count173
\c@figure=\count174
\c@table=\count175
\abovecaptionskip=\skip47
\belowcaptionskip=\skip48
\bibindent=\dimen134
) (./quthesis.sty
Document Style Option `quthesisDJ' <24-Aug-2003>.
(/usr/share/texlive/texmf-dist/tex/latex/fancyhdr/fancyhdr.sty
Package: fancyhdr 2019/01/31 v3.10 Extensive control of page headers and footer
s
\f@nch@headwidth=\skip49
\f@nch@O@elh=\skip50
\f@nch@O@erh=\skip51
\f@nch@O@olh=\skip52
\f@nch@O@orh=\skip53
\f@nch@O@elf=\skip54
\f@nch@O@erf=\skip55
\f@nch@O@olf=\skip56
\f@nch@O@orf=\skip57
))
(/usr/share/texlive/texmf-dist/tex/latex/setspace/setspace.sty
Package: setspace 2011/12/19 v6.7a set line spacing
)
(/usr/share/texlive/texmf-dist/tex/latex/sectsty/sectsty.sty
Package: sectsty 2002/02/25 v2.0.2 Commands to change all sectional heading sty
les


LaTeX Warning: Command \underbar  has changed.
               Check if current package is valid.


LaTeX Warning: Command \underline  has changed.
               Check if current package is valid.

) (/usr/share/texlive/texmf-dist/tex/latex/tocloft/tocloft.sty
Package: tocloft 2017/08/31 v2.3i parameterised ToC, etc., typesetting
Package tocloft Info: The document has chapter divisions on input line 51.
\cftparskip=\skip58
\cftbeforetoctitleskip=\skip59
\cftaftertoctitleskip=\skip60
\cftbeforepartskip=\skip61
\cftpartnumwidth=\skip62
\cftpartindent=\skip63
\cftbeforechapskip=\skip64
\cftchapindent=\skip65
\cftchapnumwidth=\skip66
\cftbeforesecskip=\skip67
\cftsecindent=\skip68
\cftsecnumwidth=\skip69
\cftbeforesubsecskip=\skip70
\cftsubsecindent=\skip71
\cftsubsecnumwidth=\skip72
\cftbeforesubsubsecskip=\skip73
\cftsubsubsecindent=\skip74
\cftsubsubsecnumwidth=\skip75
\cftbeforeparaskip=\skip76
\cftparaindent=\skip77
\cftparanumwidth=\skip78
\cftbeforesubparaskip=\skip79
\cftsubparaindent=\skip80
\cftsubparanumwidth=\skip81
\cftbeforeloftitleskip=\skip82
\cftafterloftitleskip=\skip83
\cftbeforefigskip=\skip84
\cftfigindent=\skip85
\cftfignumwidth=\skip86
\cftbeforelottitleskip=\skip87
\cftafterlottitleskip=\skip88
\cftbeforetabskip=\skip89
\cfttabindent=\skip90
\cfttabnumwidth=\skip91
\cftbeforesubfigskip=\skip92
\cftsubfigindent=\skip93
\cftsubfignumwidth=\skip94
\cftbeforesubtabskip=\skip95
\cftsubtabindent=\skip96
\cftsubtabnumwidth=\skip97
)
(/usr/share/texlive/texmf-dist/tex/latex/moreverb/moreverb.sty
Package: moreverb 2008/06/03 v2.3a `more' verbatim facilities

(/usr/share/texlive/texmf-dist/tex/latex/tools/verbatim.sty
Package: verbatim 2019/11/10 v1.5r LaTeX2e package for verbatim enhancements
\every@verbatim=\toks14
\verbatim@line=\toks15
\verbatim@in@stream=\read2
)
\tab@position=\count176
\tab@size=\count177
\listing@line=\count178
)
(/usr/share/texlive/texmf-dist/tex/latex/amsmath/amsmath.sty
Package: amsmath 2020/01/20 v2.17e AMS math features
\@mathmargin=\skip98

For additional information on amsmath, use the `?' option.
(/usr/share/texlive/texmf-dist/tex/latex/amsmath/amstext.sty
Package: amstext 2000/06/29 v2.01 AMS text

(/usr/share/texlive/texmf-dist/tex/latex/amsmath/amsgen.sty
File: amsgen.sty 1999/11/30 v2.0 generic functions
\@emptytoks=\toks16
\ex@=\dimen135
))
(/usr/share/texlive/texmf-dist/tex/latex/amsmath/amsbsy.sty
Package: amsbsy 1999/11/29 v1.2d Bold Symbols
\pmbraise@=\dimen136
)
(/usr/share/texlive/texmf-dist/tex/latex/amsmath/amsopn.sty
Package: amsopn 2016/03/08 v2.02 operator names
)
\inf@bad=\count179
LaTeX Info: Redefining \frac on input line 227.
\uproot@=\count180
\leftroot@=\count181
LaTeX Info: Redefining \overline on input line 389.
\classnum@=\count182
\DOTSCASE@=\count183
LaTeX Info: Redefining \ldots on input line 486.
LaTeX Info: Redefining \dots on input line 489.
LaTeX Info: Redefining \cdots on input line 610.
\Mathstrutbox@=\box45
\strutbox@=\box46
\big@size=\dimen137
LaTeX Font Info:    Redeclaring font encoding OML on input line 733.
LaTeX Font Info:    Redeclaring font encoding OMS on input line 734.
\macc@depth=\count184
\c@MaxMatrixCols=\count185
\dotsspace@=\muskip16
\c@parentequation=\count186
\dspbrk@lvl=\count187
\tag@help=\toks17
\row@=\count188
\column@=\count189
\maxfields@=\count190
\andhelp@=\toks18
\eqnshift@=\dimen138
\alignsep@=\dimen139
\tagshift@=\dimen140
\tagwidth@=\dimen141
\totwidth@=\dimen142
\lineht@=\dimen143
\@envbody=\toks19
\multlinegap=\skip99
\multlinetaggap=\skip100
\mathdisplay@stack=\toks20
LaTeX Info: Redefining \[ on input line 2859.
LaTeX Info: Redefining \] on input line 2860.
)
(/usr/share/texlive/texmf-dist/tex/latex/amscls/amsthm.sty
Package: amsthm 2017/10/31 v2.20.4
\thm@style=\toks21
\thm@bodyfont=\toks22
\thm@headfont=\toks23
\thm@notefont=\toks24
\thm@headpunct=\toks25
\thm@preskip=\skip101
\thm@postskip=\skip102
\thm@headsep=\skip103
\dth@everypar=\toks26
)
(/usr/share/texlive/texmf-dist/tex/latex/cases/cases.sty
Package: cases 2002/05/02 ver 2.5 
)
(/usr/share/texlive/texmf-dist/tex/latex/tools/calc.sty
Package: calc 2017/05/25 v4.3 Infix arithmetic (KKT,FJ)
\calc@Acount=\count191
\calc@Bcount=\count192
\calc@Adimen=\dimen144
\calc@Bdimen=\dimen145
\calc@Askip=\skip104
\calc@Bskip=\skip105
LaTeX Info: Redefining \setlength on input line 80.
LaTeX Info: Redefining \addtolength on input line 81.
\calc@Ccount=\count193
\calc@Cskip=\skip106
)
(/usr/share/texlive/texmf-dist/tex/latex/graphics/graphicx.sty
Package: graphicx 2019/11/30 v1.2a Enhanced LaTeX Graphics (DPC,SPQR)

(/usr/share/texlive/texmf-dist/tex/latex/graphics/keyval.sty
Package: keyval 2014/10/28 v1.15 key=value parser (DPC)
\KV@toks@=\toks27
)
(/usr/share/texlive/texmf-dist/tex/latex/graphics/graphics.sty
Package: graphics 2019/11/30 v1.4a Standard LaTeX Graphics (DPC,SPQR)

(/usr/share/texlive/texmf-dist/tex/latex/graphics/trig.sty
Package: trig 2016/01/03 v1.10 sin cos tan (DPC)
)
(/usr/share/texlive/texmf-dist/tex/latex/graphics-cfg/graphics.cfg
File: graphics.cfg 2016/06/04 v1.11 sample graphics configuration
)
Package graphics Info: Driver file: pdftex.def on input line 105.

(/usr/share/texlive/texmf-dist/tex/latex/graphics-def/pdftex.def
File: pdftex.def 2018/01/08 v1.0l Graphics/color driver for pdftex
))
\Gin@req@height=\dimen146
\Gin@req@width=\dimen147
)
(/usr/share/texlive/texmf-dist/tex/latex/subfigure/subfigure.sty
Package: subfigure 2002/03/15 v2.1.5 subfigure package
\subfigtopskip=\skip107
\subfigcapskip=\skip108
\subfigcaptopadj=\dimen148
\subfigbottomskip=\skip109
\subfigcapmargin=\dimen149
\subfiglabelskip=\skip110
\c@subfigure=\count194
\c@lofdepth=\count195
\c@subtable=\count196
\c@lotdepth=\count197

****************************************
* Local config file subfigure.cfg used *
****************************************
(/usr/share/texlive/texmf-dist/tex/latex/subfigure/subfigure.cfg)
\subfig@top=\skip111
\subfig@bottom=\skip112
)
(/usr/share/texlive/texmf-dist/tex/latex/boxedminipage/boxedminipage.sty)
(/usr/share/texlive/texmf-dist/tex/generic/dvips/rotate.sty
\@rotdimen=\dimen150
\@rotbox=\box47
)
(/usr/share/texlive/texmf-dist/tex/latex/pgf/frontendlayer/tikz.sty
(/usr/share/texlive/texmf-dist/tex/latex/pgf/basiclayer/pgf.sty
(/usr/share/texlive/texmf-dist/tex/latex/pgf/utilities/pgfrcs.sty
(/usr/share/texlive/texmf-dist/tex/generic/pgf/utilities/pgfutil-common.tex
\pgfutil@everybye=\toks28
\pgfutil@tempdima=\dimen151
\pgfutil@tempdimb=\dimen152

(/usr/share/texlive/texmf-dist/tex/generic/pgf/utilities/pgfutil-common-lists.t
ex)) (/usr/share/texlive/texmf-dist/tex/generic/pgf/utilities/pgfutil-latex.def
\pgfutil@abb=\box48
(/usr/share/texlive/texmf-dist/tex/latex/ms/everyshi.sty
Package: everyshi 2001/05/15 v3.00 EveryShipout Package (MS)
))
(/usr/share/texlive/texmf-dist/tex/generic/pgf/utilities/pgfrcs.code.tex
(/usr/share/texlive/texmf-dist/tex/generic/pgf/pgf.revision.tex)
Package: pgfrcs 2020/01/08 v3.1.5b (3.1.5b)
))
Package: pgf 2020/01/08 v3.1.5b (3.1.5b)

(/usr/share/texlive/texmf-dist/tex/latex/pgf/basiclayer/pgfcore.sty
(/usr/share/texlive/texmf-dist/tex/latex/pgf/systemlayer/pgfsys.sty
(/usr/share/texlive/texmf-dist/tex/generic/pgf/systemlayer/pgfsys.code.tex
Package: pgfsys 2020/01/08 v3.1.5b (3.1.5b)

(/usr/share/texlive/texmf-dist/tex/generic/pgf/utilities/pgfkeys.code.tex
\pgfkeys@pathtoks=\toks29
\pgfkeys@temptoks=\toks30

(/usr/share/texlive/texmf-dist/tex/generic/pgf/utilities/pgfkeysfiltered.code.t
ex
\pgfkeys@tmptoks=\toks31
))
\pgf@x=\dimen153
\pgf@y=\dimen154
\pgf@xa=\dimen155
\pgf@ya=\dimen156
\pgf@xb=\dimen157
\pgf@yb=\dimen158
\pgf@xc=\dimen159
\pgf@yc=\dimen160
\pgf@xd=\dimen161
\pgf@yd=\dimen162
\w@pgf@writea=\write3
\r@pgf@reada=\read3
\c@pgf@counta=\count198
\c@pgf@countb=\count199
\c@pgf@countc=\count266
\c@pgf@countd=\count267
\t@pgf@toka=\toks32
\t@pgf@tokb=\toks33
\t@pgf@tokc=\toks34
\pgf@sys@id@count=\count268
 (/usr/share/texlive/texmf-dist/tex/generic/pgf/systemlayer/pgf.cfg
File: pgf.cfg 2020/01/08 v3.1.5b (3.1.5b)
)
Driver file for pgf: pgfsys-pdftex.def

(/usr/share/texlive/texmf-dist/tex/generic/pgf/systemlayer/pgfsys-pdftex.def
File: pgfsys-pdftex.def 2020/01/08 v3.1.5b (3.1.5b)

(/usr/share/texlive/texmf-dist/tex/generic/pgf/systemlayer/pgfsys-common-pdf.de
f
File: pgfsys-common-pdf.def 2020/01/08 v3.1.5b (3.1.5b)
)))
(/usr/share/texlive/texmf-dist/tex/generic/pgf/systemlayer/pgfsyssoftpath.code.
tex
File: pgfsyssoftpath.code.tex 2020/01/08 v3.1.5b (3.1.5b)
\pgfsyssoftpath@smallbuffer@items=\count269
\pgfsyssoftpath@bigbuffer@items=\count270
)
(/usr/share/texlive/texmf-dist/tex/generic/pgf/systemlayer/pgfsysprotocol.code.
tex
File: pgfsysprotocol.code.tex 2020/01/08 v3.1.5b (3.1.5b)
)) (/usr/share/texlive/texmf-dist/tex/latex/xcolor/xcolor.sty
Package: xcolor 2016/05/11 v2.12 LaTeX color extensions (UK)

(/usr/share/texlive/texmf-dist/tex/latex/graphics-cfg/color.cfg
File: color.cfg 2016/01/02 v1.6 sample color configuration
)
Package xcolor Info: Driver file: pdftex.def on input line 225.
Package xcolor Info: Model `cmy' substituted by `cmy0' on input line 1348.
Package xcolor Info: Model `hsb' substituted by `rgb' on input line 1352.
Package xcolor Info: Model `RGB' extended on input line 1364.
Package xcolor Info: Model `HTML' substituted by `rgb' on input line 1366.
Package xcolor Info: Model `Hsb' substituted by `hsb' on input line 1367.
Package xcolor Info: Model `tHsb' substituted by `hsb' on input line 1368.
Package xcolor Info: Model `HSB' substituted by `hsb' on input line 1369.
Package xcolor Info: Model `Gray' substituted by `gray' on input line 1370.
Package xcolor Info: Model `wave' substituted by `hsb' on input line 1371.
)
(/usr/share/texlive/texmf-dist/tex/generic/pgf/basiclayer/pgfcore.code.tex
Package: pgfcore 2020/01/08 v3.1.5b (3.1.5b)

(/usr/share/texlive/texmf-dist/tex/generic/pgf/math/pgfmath.code.tex
(/usr/share/texlive/texmf-dist/tex/generic/pgf/math/pgfmathcalc.code.tex
(/usr/share/texlive/texmf-dist/tex/generic/pgf/math/pgfmathutil.code.tex)
(/usr/share/texlive/texmf-dist/tex/generic/pgf/math/pgfmathparser.code.tex
\pgfmath@dimen=\dimen163
\pgfmath@count=\count271
\pgfmath@box=\box49
\pgfmath@toks=\toks35
\pgfmath@stack@operand=\toks36
\pgfmath@stack@operation=\toks37
)
(/usr/share/texlive/texmf-dist/tex/generic/pgf/math/pgfmathfunctions.code.tex
(/usr/share/texlive/texmf-dist/tex/generic/pgf/math/pgfmathfunctions.basic.code
.tex)
(/usr/share/texlive/texmf-dist/tex/generic/pgf/math/pgfmathfunctions.trigonomet
ric.code.tex)
(/usr/share/texlive/texmf-dist/tex/generic/pgf/math/pgfmathfunctions.random.cod
e.tex)
(/usr/share/texlive/texmf-dist/tex/generic/pgf/math/pgfmathfunctions.comparison
.code.tex)
(/usr/share/texlive/texmf-dist/tex/generic/pgf/math/pgfmathfunctions.base.code.
tex)
(/usr/share/texlive/texmf-dist/tex/generic/pgf/math/pgfmathfunctions.round.code
.tex)
(/usr/share/texlive/texmf-dist/tex/generic/pgf/math/pgfmathfunctions.misc.code.
tex)
(/usr/share/texlive/texmf-dist/tex/generic/pgf/math/pgfmathfunctions.integerari
thmetics.code.tex)))
(/usr/share/texlive/texmf-dist/tex/generic/pgf/math/pgfmathfloat.code.tex
\c@pgfmathroundto@lastzeros=\count272
))
(/usr/share/texlive/texmf-dist/tex/generic/pgf/math/pgfint.code.tex)
(/usr/share/texlive/texmf-dist/tex/generic/pgf/basiclayer/pgfcorepoints.code.te
x
File: pgfcorepoints.code.tex 2020/01/08 v3.1.5b (3.1.5b)
\pgf@picminx=\dimen164
\pgf@picmaxx=\dimen165
\pgf@picminy=\dimen166
\pgf@picmaxy=\dimen167
\pgf@pathminx=\dimen168
\pgf@pathmaxx=\dimen169
\pgf@pathminy=\dimen170
\pgf@pathmaxy=\dimen171
\pgf@xx=\dimen172
\pgf@xy=\dimen173
\pgf@yx=\dimen174
\pgf@yy=\dimen175
\pgf@zx=\dimen176
\pgf@zy=\dimen177
)
(/usr/share/texlive/texmf-dist/tex/generic/pgf/basiclayer/pgfcorepathconstruct.
code.tex
File: pgfcorepathconstruct.code.tex 2020/01/08 v3.1.5b (3.1.5b)
\pgf@path@lastx=\dimen178
\pgf@path@lasty=\dimen179
)
(/usr/share/texlive/texmf-dist/tex/generic/pgf/basiclayer/pgfcorepathusage.code
.tex
File: pgfcorepathusage.code.tex 2020/01/08 v3.1.5b (3.1.5b)
\pgf@shorten@end@additional=\dimen180
\pgf@shorten@start@additional=\dimen181
)
(/usr/share/texlive/texmf-dist/tex/generic/pgf/basiclayer/pgfcorescopes.code.te
x
File: pgfcorescopes.code.tex 2020/01/08 v3.1.5b (3.1.5b)
\pgfpic=\box50
\pgf@hbox=\box51
\pgf@layerbox@main=\box52
\pgf@picture@serial@count=\count273
)
(/usr/share/texlive/texmf-dist/tex/generic/pgf/basiclayer/pgfcoregraphicstate.c
ode.tex
File: pgfcoregraphicstate.code.tex 2020/01/08 v3.1.5b (3.1.5b)
\pgflinewidth=\dimen182
)
(/usr/share/texlive/texmf-dist/tex/generic/pgf/basiclayer/pgfcoretransformation
s.code.tex
File: pgfcoretransformations.code.tex 2020/01/08 v3.1.5b (3.1.5b)
\pgf@pt@x=\dimen183
\pgf@pt@y=\dimen184
\pgf@pt@temp=\dimen185
)
(/usr/share/texlive/texmf-dist/tex/generic/pgf/basiclayer/pgfcorequick.code.tex
File: pgfcorequick.code.tex 2020/01/08 v3.1.5b (3.1.5b)
)
(/usr/share/texlive/texmf-dist/tex/generic/pgf/basiclayer/pgfcoreobjects.code.t
ex
File: pgfcoreobjects.code.tex 2020/01/08 v3.1.5b (3.1.5b)
)
(/usr/share/texlive/texmf-dist/tex/generic/pgf/basiclayer/pgfcorepathprocessing
.code.tex
File: pgfcorepathprocessing.code.tex 2020/01/08 v3.1.5b (3.1.5b)
)
(/usr/share/texlive/texmf-dist/tex/generic/pgf/basiclayer/pgfcorearrows.code.te
x
File: pgfcorearrows.code.tex 2020/01/08 v3.1.5b (3.1.5b)
\pgfarrowsep=\dimen186
)
(/usr/share/texlive/texmf-dist/tex/generic/pgf/basiclayer/pgfcoreshade.code.tex
File: pgfcoreshade.code.tex 2020/01/08 v3.1.5b (3.1.5b)
\pgf@max=\dimen187
\pgf@sys@shading@range@num=\count274
\pgf@shadingcount=\count275
)
(/usr/share/texlive/texmf-dist/tex/generic/pgf/basiclayer/pgfcoreimage.code.tex
File: pgfcoreimage.code.tex 2020/01/08 v3.1.5b (3.1.5b)

(/usr/share/texlive/texmf-dist/tex/generic/pgf/basiclayer/pgfcoreexternal.code.
tex
File: pgfcoreexternal.code.tex 2020/01/08 v3.1.5b (3.1.5b)
\pgfexternal@startupbox=\box53
))
(/usr/share/texlive/texmf-dist/tex/generic/pgf/basiclayer/pgfcorelayers.code.te
x
File: pgfcorelayers.code.tex 2020/01/08 v3.1.5b (3.1.5b)
)
(/usr/share/texlive/texmf-dist/tex/generic/pgf/basiclayer/pgfcoretransparency.c
ode.tex
File: pgfcoretransparency.code.tex 2020/01/08 v3.1.5b (3.1.5b)
)
(/usr/share/texlive/texmf-dist/tex/generic/pgf/basiclayer/pgfcorepatterns.code.
tex
File: pgfcorepatterns.code.tex 2020/01/08 v3.1.5b (3.1.5b)
)
(/usr/share/texlive/texmf-dist/tex/generic/pgf/basiclayer/pgfcorerdf.code.tex
File: pgfcorerdf.code.tex 2020/01/08 v3.1.5b (3.1.5b)
)))
(/usr/share/texlive/texmf-dist/tex/generic/pgf/modules/pgfmoduleshapes.code.tex
File: pgfmoduleshapes.code.tex 2020/01/08 v3.1.5b (3.1.5b)
\pgfnodeparttextbox=\box54
) (/usr/share/texlive/texmf-dist/tex/generic/pgf/modules/pgfmoduleplot.code.tex
File: pgfmoduleplot.code.tex 2020/01/08 v3.1.5b (3.1.5b)
)
(/usr/share/texlive/texmf-dist/tex/latex/pgf/compatibility/pgfcomp-version-0-65
.sty
Package: pgfcomp-version-0-65 2020/01/08 v3.1.5b (3.1.5b)
\pgf@nodesepstart=\dimen188
\pgf@nodesepend=\dimen189
)
(/usr/share/texlive/texmf-dist/tex/latex/pgf/compatibility/pgfcomp-version-1-18
.sty
Package: pgfcomp-version-1-18 2020/01/08 v3.1.5b (3.1.5b)
)) (/usr/share/texlive/texmf-dist/tex/latex/pgf/utilities/pgffor.sty
(/usr/share/texlive/texmf-dist/tex/latex/pgf/utilities/pgfkeys.sty
(/usr/share/texlive/texmf-dist/tex/generic/pgf/utilities/pgfkeys.code.tex))
(/usr/share/texlive/texmf-dist/tex/latex/pgf/math/pgfmath.sty
(/usr/share/texlive/texmf-dist/tex/generic/pgf/math/pgfmath.code.tex))
(/usr/share/texlive/texmf-dist/tex/generic/pgf/utilities/pgffor.code.tex
Package: pgffor 2020/01/08 v3.1.5b (3.1.5b)

(/usr/share/texlive/texmf-dist/tex/generic/pgf/math/pgfmath.code.tex)
\pgffor@iter=\dimen190
\pgffor@skip=\dimen191
\pgffor@stack=\toks38
\pgffor@toks=\toks39
))
(/usr/share/texlive/texmf-dist/tex/generic/pgf/frontendlayer/tikz/tikz.code.tex
Package: tikz 2020/01/08 v3.1.5b (3.1.5b)

(/usr/share/texlive/texmf-dist/tex/generic/pgf/libraries/pgflibraryplothandlers
.code.tex
File: pgflibraryplothandlers.code.tex 2020/01/08 v3.1.5b (3.1.5b)
\pgf@plot@mark@count=\count276
\pgfplotmarksize=\dimen192
)
\tikz@lastx=\dimen193
\tikz@lasty=\dimen194
\tikz@lastxsaved=\dimen195
\tikz@lastysaved=\dimen196
\tikz@lastmovetox=\dimen197
\tikz@lastmovetoy=\dimen198
\tikzleveldistance=\dimen199
\tikzsiblingdistance=\dimen256
\tikz@figbox=\box55
\tikz@figbox@bg=\box56
\tikz@tempbox=\box57
\tikz@tempbox@bg=\box58
\tikztreelevel=\count277
\tikznumberofchildren=\count278
\tikznumberofcurrentchild=\count279
\tikz@fig@count=\count280

(/usr/share/texlive/texmf-dist/tex/generic/pgf/modules/pgfmodulematrix.code.tex
File: pgfmodulematrix.code.tex 2020/01/08 v3.1.5b (3.1.5b)
\pgfmatrixcurrentrow=\count281
\pgfmatrixcurrentcolumn=\count282
\pgf@matrix@numberofcolumns=\count283
)
\tikz@expandcount=\count284

(/usr/share/texlive/texmf-dist/tex/generic/pgf/frontendlayer/tikz/libraries/tik
zlibrarytopaths.code.tex
File: tikzlibrarytopaths.code.tex 2020/01/08 v3.1.5b (3.1.5b)
)))
(/usr/share/texlive/texmf-dist/tex/generic/pgf/frontendlayer/tikz/libraries/tik
zlibrarydecorations.pathmorphing.code.tex
(/usr/share/texlive/texmf-dist/tex/generic/pgf/frontendlayer/tikz/libraries/tik
zlibrarydecorations.code.tex
(/usr/share/texlive/texmf-dist/tex/generic/pgf/modules/pgfmoduledecorations.cod
e.tex
\pgfdecoratedcompleteddistance=\dimen257
\pgfdecoratedremainingdistance=\dimen258
\pgfdecoratedinputsegmentcompleteddistance=\dimen259
\pgfdecoratedinputsegmentremainingdistance=\dimen260
\pgf@decorate@distancetomove=\dimen261
\pgf@decorate@repeatstate=\count285
\pgfdecorationsegmentamplitude=\dimen262
\pgfdecorationsegmentlength=\dimen263
)
\tikz@lib@dec@box=\box59
)
(/usr/share/texlive/texmf-dist/tex/generic/pgf/libraries/decorations/pgflibrary
decorations.pathmorphing.code.tex))
(/usr/share/texlive/texmf-dist/tex/generic/pgf/frontendlayer/tikz/libraries/tik
zlibrarydecorations.markings.code.tex
(/usr/share/texlive/texmf-dist/tex/generic/pgf/libraries/decorations/pgflibrary
decorations.markings.code.tex))
(/usr/share/texlive/texmf-dist/tex/latex/float/float.sty
Package: float 2001/11/08 v1.3d Float enhancements (AL)
\c@float@type=\count286
\float@exts=\toks40
\float@box=\box60
\@float@everytoks=\toks41
\@floatcapt=\box61
)
\@float@every@Listing=\toks42
\c@Listing=\count287

(/usr/share/texlive/texmf-dist/tex/latex/tools/tabularx.sty
Package: tabularx 2020/01/15 v2.11c `tabularx' package (DPC)

(/usr/share/texlive/texmf-dist/tex/latex/tools/array.sty
Package: array 2019/08/31 v2.4l Tabular extension package (FMi)
\col@sep=\dimen264
\ar@mcellbox=\box62
\extrarowheight=\dimen265
\NC@list=\toks43
\extratabsurround=\skip113
\backup@length=\skip114
\ar@cellbox=\box63
)
\TX@col@width=\dimen266
\TX@old@table=\dimen267
\TX@old@col=\dimen268
\TX@target=\dimen269
\TX@delta=\dimen270
\TX@cols=\count288
\TX@ftn=\toks44
)
(/usr/share/texlive/texmf-dist/tex/latex/threeparttable/threeparttable.sty
Package: threeparttable 2003/06/13  v 3.0
\@tempboxb=\box64
)
(/usr/share/texlive/texmf-dist/tex/latex/caption/caption.sty
Package: caption 2020/01/03 v3.4h Customizing captions (AR)

(/usr/share/texlive/texmf-dist/tex/latex/caption/caption3.sty
Package: caption3 2020/01/03 v1.8h caption3 kernel (AR)
Package caption3 Info: TeX engine: e-TeX on input line 61.
\captionmargin=\dimen271
\captionmargin@=\dimen272
\captionwidth=\dimen273
\caption@tempdima=\dimen274
\caption@indent=\dimen275
\caption@parindent=\dimen276
\caption@hangindent=\dimen277
Package caption Info: Standard document class detected.
)
\c@caption@flags=\count289
\c@continuedfloat=\count290
Package caption Info: float package is loaded.
Package caption Info: subfigure package is loaded.
Package caption Info: threeparttable package is loaded.
)
(/usr/share/texlive/texmf-dist/tex/latex/tools/layout.sty
Package: layout 2014/10/28 v1.2c Show layout parameters
\oneinch=\count291
\cnt@paperwidth=\count292
\cnt@paperheight=\count293
\cnt@hoffset=\count294
\cnt@voffset=\count295
\cnt@textheight=\count296
\cnt@textwidth=\count297
\cnt@topmargin=\count298
\cnt@oddsidemargin=\count299
\cnt@evensidemargin=\count300
\cnt@headheight=\count301
\cnt@headsep=\count302
\cnt@marginparsep=\count303
\cnt@marginparwidth=\count304
\cnt@marginparpush=\count305
\cnt@footskip=\count306
\fheight=\count307
\ref@top=\count308
\ref@hoffset=\count309
\ref@voffset=\count310
\ref@head=\count311
\ref@body=\count312
\ref@foot=\count313
\ref@margin=\count314
\ref@marginwidth=\count315
\ref@marginpar=\count316
\Interval=\count317
\ExtraYPos=\count318
\PositionX=\count319
\PositionY=\count320
\ArrowLength=\count321
)
(/usr/share/texlive/texmf-dist/tex/latex/changebar/changebar.sty
Package: changebar 2018/03/09 v3.6c Indicate changes with marginal bars
\cb@nextpoint=\count322
\cb@topleft=\count323
\cb@topright=\count324
\cb@botleft=\count325
\cb@botright=\count326
\cb@cnta=\count327
\cb@cntb=\count328
\cb@dima=\dimen278
\cb@curbarwd=\dimen279
\cb@page=\count329
\cb@pagecount=\count330
\cb@odd@left=\dimen280
\cb@odd@right=\dimen281
\cb@even@left=\dimen282
\cb@even@right=\dimen283
\cb@writexy=\write4
\cb@readxy=\read4
\openout4 = `Thesis.cb2'.

\changebarwidth=\skip115
\deletebarwidth=\skip116
\changebarsep=\skip117
\c@changebargrey=\count331
\cb@write=\write5
\cb@read=\read5
\openout5 = `Thesis.cb'.

)
(/usr/share/texlive/texmf-dist/tex/latex/tools/bm.sty
Package: bm 2019/07/24 v1.2d Bold Symbol Support (DPC/FMi)
\symboldoperators=\mathgroup4
\symboldletters=\mathgroup5
\symboldsymbols=\mathgroup6
LaTeX Font Info:    Redeclaring math alphabet \mathbf on input line 141.
LaTeX Info: Redefining \bm on input line 209.
)
(/usr/share/texlive/texmf-dist/tex/latex/tools/varioref.sty
Package: varioref 2020/01/23 v1.6c package for extended references (FMi)
\c@vrcnt=\count332
)
(/usr/share/texlive/texmf-dist/tex/latex/url/url.sty
\Urlmuskip=\muskip17
Package: url 2013/09/16  ver 3.4  Verb mode for urls, etc.
))
(/usr/share/texlive/texmf-dist/tex/latex/l3backend/l3backend-pdfmode.def
File: l3backend-pdfmode.def 2020-02-03 L3 backend support: PDF mode
\l__kernel_color_stack_int=\count333
\l__pdf_internal_box=\box65
)
(./Thesis.aux (./Introduction.aux) (./Background.aux) (./The_PONE.aux)
(./Simulation.aux) (./Reconstruction.aux) (./Results.aux) (./Conclusion.aux))
\openout1 = `Thesis.aux'.

LaTeX Font Info:    Checking defaults for OML/cmm/m/it on input line 18.
LaTeX Font Info:    ... okay on input line 18.
LaTeX Font Info:    Checking defaults for OMS/cmsy/m/n on input line 18.
LaTeX Font Info:    ... okay on input line 18.
LaTeX Font Info:    Checking defaults for OT1/cmr/m/n on input line 18.
LaTeX Font Info:    ... okay on input line 18.
LaTeX Font Info:    Checking defaults for T1/cmr/m/n on input line 18.
LaTeX Font Info:    ... okay on input line 18.
LaTeX Font Info:    Checking defaults for TS1/cmr/m/n on input line 18.
LaTeX Font Info:    ... okay on input line 18.
LaTeX Font Info:    Checking defaults for OMX/cmex/m/n on input line 18.
LaTeX Font Info:    ... okay on input line 18.
LaTeX Font Info:    Checking defaults for U/cmr/m/n on input line 18.
LaTeX Font Info:    ... okay on input line 18.

(/usr/share/texlive/texmf-dist/tex/context/base/mkii/supp-pdf.mkii
[Loading MPS to PDF converter (version 2006.09.02).]
\scratchcounter=\count334
\scratchdimen=\dimen284
\scratchbox=\box66
\nofMPsegments=\count335
\nofMParguments=\count336
\everyMPshowfont=\toks45
\MPscratchCnt=\count337
\MPscratchDim=\dimen285
\MPnumerator=\count338
\makeMPintoPDFobject=\count339
\everyMPtoPDFconversion=\toks46
) (/usr/share/texlive/texmf-dist/tex/latex/epstopdf-pkg/epstopdf-base.sty
Package: epstopdf-base 2020-01-24 v2.11 Base part for package epstopdf
Package epstopdf-base Info: Redefining graphics rule for `.eps' on input line 4
85.

(/usr/share/texlive/texmf-dist/tex/latex/latexconfig/epstopdf-sys.cfg
File: epstopdf-sys.cfg 2010/07/13 v1.3 Configuration of (r)epstopdf for TeX Liv
e
))
ABD: EveryShipout initializing macros
Package caption Info: Begin \AtBeginDocument code.
Package caption Info: End \AtBeginDocument code.
 [1



{/var/lib/texmf/fonts/map/pdftex/updmap/pdftex.map}] (./Abstract.tex) [1



] [2


] [3


] (./Thesis.toc [4

])
\tf@toc=\write6
\openout6 = `Thesis.toc'.

 [5] (./Thesis.lot)
\tf@lot=\write7
\openout7 = `Thesis.lot'.

 [6

] (./Thesis.lof [7

] [8] [9])
\tf@lof=\write8
\openout8 = `Thesis.lof'.

 [10] [11]
\openout2 = `Introduction.aux'.

 (./Introduction.tex
Chapter 1.
) [1



]
\openout2 = `Background.aux'.

 (./Background.tex
Chapter 2.
[2



] [3] [4] [5]
Overfull \hbox (4.79361pt too wide) in paragraph at lines 53--54
[]\OT1/cmr/m/n/12 Similar to the CKM ma-trix for quark mix-ing [[]], the Pontec
orvo--Maki--Nakagawa--
 []

[6] [7]
Overfull \hbox (0.65189pt too wide) in paragraph at lines 122--123
[]\OT1/cmr/m/n/12 This phe-nom-ena comes to a head with the Mikheyev{Smirnov{Wo
lfenstein (MSW)
 []

[8] [9] [10] [11] [12] [13] [14] [15] [16]) [17]
\openout2 = `The_PONE.aux'.

 (./The_PONE.tex
Chapter 3.
[18



]
<./Figures/PONEv0_-23_design.jpg, id=113, 466.8642pt x 286.1892pt>
File: ./Figures/PONEv0_-23_design.jpg Graphic file (type jpg)
<use ./Figures/PONEv0_-23_design.jpg>
Package pdftex.def Info: ./Figures/PONEv0_-23_design.jpg  used on input line 11
.
(pdftex.def)             Requested size: 341.43306pt x 209.30501pt.
 [19 <./Figures/PONEv0_-23_design.jpg>] [20]
<./Figures/icecube_dom.png, id=121, 1147.28625pt x 546.04pt>
File: ./Figures/icecube_dom.png Graphic file (type png)
<use ./Figures/icecube_dom.png>
Package pdftex.def Info: ./Figures/icecube_dom.png  used on input line 39.
(pdftex.def)             Requested size: 390.25534pt x 185.73445pt.
 [21 <./Figures/icecube_dom.png>]
<./Figures/STRAW.png, id=127, 588.1975pt x 979.66pt>
File: ./Figures/STRAW.png Graphic file (type png)
<use ./Figures/STRAW.png>
Package pdftex.def Info: ./Figures/STRAW.png  used on input line 58.
(pdftex.def)             Requested size: 303.53267pt x 505.53957pt.
 [22] [23 <./Figures/STRAW.png>] [24]
<./Figures/western_infrastructure.png, id=138, 385.44pt x 216.81pt>
File: ./Figures/western_infrastructure.png Graphic file (type png)
<use ./Figures/western_infrastructure.png>
Package pdftex.def Info: ./Figures/western_infrastructure.png  used on input li
ne 75.
(pdftex.def)             Requested size: 390.25534pt x 219.5189pt.
<./Figures/cascadia_basin.png, id=139, 385.44pt x 216.81pt>
File: ./Figures/cascadia_basin.png Graphic file (type png)
<use ./Figures/cascadia_basin.png>
Package pdftex.def Info: ./Figures/cascadia_basin.png  used on input line 84.
(pdftex.def)             Requested size: 390.25534pt x 219.5189pt.
 [25 <./Figures/western_infrastructure.png>]) [26 <./Figures/cascadia_basin.png
>]
\openout2 = `Simulation.aux'.

 (./Simulation.tex
Chapter 4.
[27



] [28] [29]) [30]
\openout2 = `Reconstruction.aux'.

 (./Reconstruction.tex
Chapter 5.
[31



] [32] [33] [34] [35]
Package epstopdf Info: Source file: <./Figures/upward_arrival_time.eps>
(epstopdf)                    date: 2021-06-15 13:51:42
(epstopdf)                    size: 27978 bytes
(epstopdf)             Output file: <./Figures/upward_arrival_time-eps-converte
d-to.pdf>
(epstopdf)                    date: 2021-06-15 14:02:23
(epstopdf)                    size: 15521 bytes
(epstopdf)             Command: <repstopdf --outfile=./Figures/upward_arrival_t
ime-eps-converted-to.pdf ./Figures/upward_arrival_time.eps>
(epstopdf)             \includegraphics on input line 119.
Package epstopdf Info: Output file is already uptodate.
<./Figures/upward_arrival_time-eps-converted-to.pdf, id=177, 462.72874pt x 346.
29375pt>
File: ./Figures/upward_arrival_time-eps-converted-to.pdf Graphic file (type pdf
)
<use ./Figures/upward_arrival_time-eps-converted-to.pdf>
Package pdftex.def Info: ./Figures/upward_arrival_time-eps-converted-to.pdf  us
ed on input line 119.
(pdftex.def)             Requested size: 208.13574pt x 155.76204pt.
Package epstopdf Info: Source file: <./Figures/downward_arrival_time.eps>
(epstopdf)                    date: 2021-06-15 13:51:14
(epstopdf)                    size: 28269 bytes
(epstopdf)             Output file: <./Figures/downward_arrival_time-eps-conver
ted-to.pdf>
(epstopdf)                    date: 2021-06-15 14:02:23
(epstopdf)                    size: 15737 bytes
(epstopdf)             Command: <repstopdf --outfile=./Figures/downward_arrival
_time-eps-converted-to.pdf ./Figures/downward_arrival_time.eps>
(epstopdf)             \includegraphics on input line 126.
Package epstopdf Info: Output file is already uptodate.
<./Figures/downward_arrival_time-eps-converted-to.pdf, id=178, 462.72874pt x 34
6.29375pt>
File: ./Figures/downward_arrival_time-eps-converted-to.pdf Graphic file (type p
df)
<use ./Figures/downward_arrival_time-eps-converted-to.pdf>
Package pdftex.def Info: ./Figures/downward_arrival_time-eps-converted-to.pdf  
used on input line 126.
(pdftex.def)             Requested size: 208.13574pt x 155.76204pt.
 [36 <./Figures/upward_arrival_time-eps-converted-to.pdf> <./Figures/downward_a
rrival_time-eps-converted-to.pdf>] [37] [38] [39]
Package epstopdf Info: Source file: <./Figures/pandel_plot.eps>
(epstopdf)                    date: 2021-06-09 23:29:02
(epstopdf)                    size: 26706 bytes
(epstopdf)             Output file: <./Figures/pandel_plot-eps-converted-to.pdf
>
(epstopdf)                    date: 2021-06-09 23:34:05
(epstopdf)                    size: 14406 bytes
(epstopdf)             Command: <repstopdf --outfile=./Figures/pandel_plot-eps-
converted-to.pdf ./Figures/pandel_plot.eps>
(epstopdf)             \includegraphics on input line 215.
Package epstopdf Info: Output file is already uptodate.
<./Figures/pandel_plot-eps-converted-to.pdf, id=271, 462.52798pt x 346.89601pt>

File: ./Figures/pandel_plot-eps-converted-to.pdf Graphic file (type pdf)
<use ./Figures/pandel_plot-eps-converted-to.pdf>
Package pdftex.def Info: ./Figures/pandel_plot-eps-converted-to.pdf  used on in
put line 215.
(pdftex.def)             Requested size: 341.43306pt x 256.085pt.

[40] [41 <./Figures/pandel_plot-eps-converted-to.pdf>]
Package epstopdf Info: Source file: <./Figures/cpandel_plot.eps>
(epstopdf)                    date: 2021-06-12 13:12:52
(epstopdf)                    size: 26725 bytes
(epstopdf)             Output file: <./Figures/cpandel_plot-eps-converted-to.pd
f>
(epstopdf)                    date: 2021-06-12 13:19:30
(epstopdf)                    size: 15645 bytes
(epstopdf)             Command: <repstopdf --outfile=./Figures/cpandel_plot-eps
-converted-to.pdf ./Figures/cpandel_plot.eps>
(epstopdf)             \includegraphics on input line 238.
Package epstopdf Info: Output file is already uptodate.
<./Figures/cpandel_plot-eps-converted-to.pdf, id=310, 462.52798pt x 346.89601pt
>
File: ./Figures/cpandel_plot-eps-converted-to.pdf Graphic file (type pdf)
<use ./Figures/cpandel_plot-eps-converted-to.pdf>
Package pdftex.def Info: ./Figures/cpandel_plot-eps-converted-to.pdf  used on i
nput line 238.
(pdftex.def)             Requested size: 341.43306pt x 256.085pt.
 [42] [43 <./Figures/cpandel_plot-eps-converted-to.pdf>]
Package epstopdf Info: Source file: <./Figures/reco_plots/residual_time_histogr
am.eps>
(epstopdf)                    date: 2021-07-05 20:36:02
(epstopdf)                    size: 365235 bytes
(epstopdf)             Output file: <./Figures/reco_plots/residual_time_histogr
am-eps-converted-to.pdf>
(epstopdf)                    date: 2021-07-06 10:57:17
(epstopdf)                    size: 14965 bytes
(epstopdf)             Command: <repstopdf --outfile=./Figures/reco_plots/resid
ual_time_histogram-eps-converted-to.pdf ./Figures/reco_plots/residual_time_hist
ogram.eps>
(epstopdf)             \includegraphics on input line 253.
Package epstopdf Info: Output file is already uptodate.
<./Figures/reco_plots/residual_time_histogram-eps-converted-to.pdf, id=356, 462
.72874pt x 346.29375pt>
File: ./Figures/reco_plots/residual_time_histogram-eps-converted-to.pdf Graphic
 file (type pdf)
<use ./Figures/reco_plots/residual_time_histogram-eps-converted-to.pdf>
Package pdftex.def Info: ./Figures/reco_plots/residual_time_histogram-eps-conve
rted-to.pdf  used on input line 253.
(pdftex.def)             Requested size: 341.43306pt x 255.52415pt.
 [44]
Package epstopdf Info: Source file: <./Figures/reco_plots/residual_time_hist_r1
.eps>
(epstopdf)                    date: 2021-07-05 20:36:02
(epstopdf)                    size: 1264472 bytes
(epstopdf)             Output file: <./Figures/reco_plots/residual_time_hist_r1
-eps-converted-to.pdf>
(epstopdf)                    date: 2021-07-06 10:57:22
(epstopdf)                    size: 16595 bytes
(epstopdf)             Command: <repstopdf --outfile=./Figures/reco_plots/resid
ual_time_hist_r1-eps-converted-to.pdf ./Figures/reco_plots/residual_time_hist_r
1.eps>
(epstopdf)             \includegraphics on input line 262.
Package epstopdf Info: Output file is already uptodate.
<./Figures/reco_plots/residual_time_hist_r1-eps-converted-to.pdf, id=360, 462.7
2874pt x 346.29375pt>
File: ./Figures/reco_plots/residual_time_hist_r1-eps-converted-to.pdf Graphic f
ile (type pdf)
<use ./Figures/reco_plots/residual_time_hist_r1-eps-converted-to.pdf>
Package pdftex.def Info: ./Figures/reco_plots/residual_time_hist_r1-eps-convert
ed-to.pdf  used on input line 262.
(pdftex.def)             Requested size: 208.13574pt x 155.76204pt.
Package epstopdf Info: Source file: <./Figures/reco_plots/residual_time_hist_r3
.eps>
(epstopdf)                    date: 2021-07-05 20:36:02
(epstopdf)                    size: 339020 bytes
(epstopdf)             Output file: <./Figures/reco_plots/residual_time_hist_r3
-eps-converted-to.pdf>
(epstopdf)                    date: 2021-07-06 10:57:24
(epstopdf)                    size: 13187 bytes
(epstopdf)             Command: <repstopdf --outfile=./Figures/reco_plots/resid
ual_time_hist_r3-eps-converted-to.pdf ./Figures/reco_plots/residual_time_hist_r
3.eps>
(epstopdf)             \includegraphics on input line 269.
Package epstopdf Info: Output file is already uptodate.
<./Figures/reco_plots/residual_time_hist_r3-eps-converted-to.pdf, id=361, 462.7
2874pt x 346.29375pt>
File: ./Figures/reco_plots/residual_time_hist_r3-eps-converted-to.pdf Graphic f
ile (type pdf)
<use ./Figures/reco_plots/residual_time_hist_r3-eps-converted-to.pdf>
Package pdftex.def Info: ./Figures/reco_plots/residual_time_hist_r3-eps-convert
ed-to.pdf  used on input line 269.
(pdftex.def)             Requested size: 208.13574pt x 155.76204pt.
Package epstopdf Info: Source file: <./Figures/reco_plots/residual_time_hist_r5
.eps>
(epstopdf)                    date: 2021-07-05 20:36:02
(epstopdf)                    size: 224227 bytes
(epstopdf)             Output file: <./Figures/reco_plots/residual_time_hist_r5
-eps-converted-to.pdf>
(epstopdf)                    date: 2021-07-06 10:57:25
(epstopdf)                    size: 12741 bytes
(epstopdf)             Command: <repstopdf --outfile=./Figures/reco_plots/resid
ual_time_hist_r5-eps-converted-to.pdf ./Figures/reco_plots/residual_time_hist_r
5.eps>
(epstopdf)             \includegraphics on input line 275.
Package epstopdf Info: Output file is already uptodate.
<./Figures/reco_plots/residual_time_hist_r5-eps-converted-to.pdf, id=362, 462.7
2874pt x 346.29375pt>
File: ./Figures/reco_plots/residual_time_hist_r5-eps-converted-to.pdf Graphic f
ile (type pdf)
<use ./Figures/reco_plots/residual_time_hist_r5-eps-converted-to.pdf>
Package pdftex.def Info: ./Figures/reco_plots/residual_time_hist_r5-eps-convert
ed-to.pdf  used on input line 275.
(pdftex.def)             Requested size: 208.13574pt x 155.76204pt.
Package epstopdf Info: Source file: <./Figures/reco_plots/residual_time_hist_r7
.eps>
(epstopdf)                    date: 2021-07-05 20:36:02
(epstopdf)                    size: 202273 bytes
(epstopdf)             Output file: <./Figures/reco_plots/residual_time_hist_r7
-eps-converted-to.pdf>
(epstopdf)                    date: 2021-07-06 10:58:28
(epstopdf)                    size: 13268 bytes
(epstopdf)             Command: <repstopdf --outfile=./Figures/reco_plots/resid
ual_time_hist_r7-eps-converted-to.pdf ./Figures/reco_plots/residual_time_hist_r
7.eps>
(epstopdf)             \includegraphics on input line 282.
Package epstopdf Info: Output file is already uptodate.
<./Figures/reco_plots/residual_time_hist_r7-eps-converted-to.pdf, id=363, 462.7
2874pt x 346.29375pt>
File: ./Figures/reco_plots/residual_time_hist_r7-eps-converted-to.pdf Graphic f
ile (type pdf)
<use ./Figures/reco_plots/residual_time_hist_r7-eps-converted-to.pdf>
Package pdftex.def Info: ./Figures/reco_plots/residual_time_hist_r7-eps-convert
ed-to.pdf  used on input line 282.
(pdftex.def)             Requested size: 208.13574pt x 155.76204pt.
 [45 <./Figures/reco_plots/residual_time_histogram-eps-converted-to.pdf>] [46 <
./Figures/reco_plots/residual_time_hist_r1-eps-converted-to.pdf> <./Figures/rec
o_plots/residual_time_hist_r3-eps-converted-to.pdf> <./Figures/reco_plots/resid
ual_time_hist_r5-eps-converted-to.pdf> <./Figures/reco_plots/residual_time_hist
_r7-eps-converted-to.pdf>]
Package epstopdf Info: Source file: <./Figures/reco_plots/straw_data.eps>
(epstopdf)                    date: 2021-07-04 16:13:24
(epstopdf)                    size: 29228 bytes
(epstopdf)             Output file: <./Figures/reco_plots/straw_data-eps-conver
ted-to.pdf>
(epstopdf)                    date: 2021-07-06 11:49:23
(epstopdf)                    size: 33926 bytes
(epstopdf)             Command: <repstopdf --outfile=./Figures/reco_plots/straw
_data-eps-converted-to.pdf ./Figures/reco_plots/straw_data.eps>
(epstopdf)             \includegraphics on input line 295.
Package epstopdf Info: Output file is already uptodate.
<./Figures/reco_plots/straw_data-eps-converted-to.pdf, id=519, 462.52798pt x 34
6.89601pt>
File: ./Figures/reco_plots/straw_data-eps-converted-to.pdf Graphic file (type p
df)
<use ./Figures/reco_plots/straw_data-eps-converted-to.pdf>
Package pdftex.def Info: ./Figures/reco_plots/straw_data-eps-converted-to.pdf  
used on input line 295.
(pdftex.def)             Requested size: 341.43306pt x 256.085pt.
 [47 <./Figures/reco_plots/straw_data-eps-converted-to.pdf>]
Package epstopdf Info: Source file: <./Figures/reco_plots/straw_data_fit_lnear.
eps>
(epstopdf)                    date: 2021-07-05 21:01:46
(epstopdf)                    size: 31030 bytes
(epstopdf)             Output file: <./Figures/reco_plots/straw_data_fit_lnear-
eps-converted-to.pdf>
(epstopdf)                    date: 2021-07-06 12:09:44
(epstopdf)                    size: 33969 bytes
(epstopdf)             Command: <repstopdf --outfile=./Figures/reco_plots/straw
_data_fit_lnear-eps-converted-to.pdf ./Figures/reco_plots/straw_data_fit_lnear.
eps>
(epstopdf)             \includegraphics on input line 305.
Package epstopdf Info: Output file is already uptodate.
<./Figures/reco_plots/straw_data_fit_lnear-eps-converted-to.pdf, id=559, 462.52
798pt x 346.89601pt>
File: ./Figures/reco_plots/straw_data_fit_lnear-eps-converted-to.pdf Graphic fi
le (type pdf)
<use ./Figures/reco_plots/straw_data_fit_lnear-eps-converted-to.pdf>
Package pdftex.def Info: ./Figures/reco_plots/straw_data_fit_lnear-eps-converte
d-to.pdf  used on input line 305.
(pdftex.def)             Requested size: 208.13574pt x 156.10176pt.
Package epstopdf Info: Source file: <./Figures/reco_plots/straw_data_fit_cubic.
eps>
(epstopdf)                    date: 2021-07-05 21:01:49
(epstopdf)                    size: 35712 bytes
(epstopdf)             Output file: <./Figures/reco_plots/straw_data_fit_cubic-
eps-converted-to.pdf>
(epstopdf)                    date: 2021-07-06 12:09:45
(epstopdf)                    size: 35800 bytes
(epstopdf)             Command: <repstopdf --outfile=./Figures/reco_plots/straw
_data_fit_cubic-eps-converted-to.pdf ./Figures/reco_plots/straw_data_fit_cubic.
eps>
(epstopdf)             \includegraphics on input line 312.
Package epstopdf Info: Output file is already uptodate.
<./Figures/reco_plots/straw_data_fit_cubic-eps-converted-to.pdf, id=560, 462.52
798pt x 346.89601pt>
File: ./Figures/reco_plots/straw_data_fit_cubic-eps-converted-to.pdf Graphic fi
le (type pdf)
<use ./Figures/reco_plots/straw_data_fit_cubic-eps-converted-to.pdf>
Package pdftex.def Info: ./Figures/reco_plots/straw_data_fit_cubic-eps-converte
d-to.pdf  used on input line 312.
(pdftex.def)             Requested size: 208.13574pt x 156.10176pt.
 [48 <./Figures/reco_plots/straw_data_fit_lnear-eps-converted-to.pdf> <./Figure
s/reco_plots/straw_data_fit_cubic-eps-converted-to.pdf>]
Package epstopdf Info: Source file: <./Figures/reco_plots/straw_data_fit_savgol
.eps>
(epstopdf)                    date: 2021-07-05 21:01:53
(epstopdf)                    size: 31617 bytes
(epstopdf)             Output file: <./Figures/reco_plots/straw_data_fit_savgol
-eps-converted-to.pdf>
(epstopdf)                    date: 2021-07-06 14:30:38
(epstopdf)                    size: 35048 bytes
(epstopdf)             Command: <repstopdf --outfile=./Figures/reco_plots/straw
_data_fit_savgol-eps-converted-to.pdf ./Figures/reco_plots/straw_data_fit_savgo
l.eps>
(epstopdf)             \includegraphics on input line 322.
Package epstopdf Info: Output file is already uptodate.
<./Figures/reco_plots/straw_data_fit_savgol-eps-converted-to.pdf, id=631, 462.5
2798pt x 346.89601pt>
File: ./Figures/reco_plots/straw_data_fit_savgol-eps-converted-to.pdf Graphic f
ile (type pdf)
<use ./Figures/reco_plots/straw_data_fit_savgol-eps-converted-to.pdf>
Package pdftex.def Info: ./Figures/reco_plots/straw_data_fit_savgol-eps-convert
ed-to.pdf  used on input line 322.
(pdftex.def)             Requested size: 341.43306pt x 256.085pt.
 [49 <./Figures/reco_plots/straw_data_fit_savgol-eps-converted-to.pdf>]
Package epstopdf Info: Source file: <./Figures/reco_plots/straw_data_fit_exponn
orm.eps>
(epstopdf)                    date: 2021-07-05 21:20:02
(epstopdf)                    size: 43138 bytes
(epstopdf)             Output file: <./Figures/reco_plots/straw_data_fit_exponn
orm-eps-converted-to.pdf>
(epstopdf)                    date: 2021-07-06 14:50:43
(epstopdf)                    size: 38949 bytes
(epstopdf)             Command: <repstopdf --outfile=./Figures/reco_plots/straw
_data_fit_exponnorm-eps-converted-to.pdf ./Figures/reco_plots/straw_data_fit_ex
ponnorm.eps>
(epstopdf)             \includegraphics on input line 333.
Package epstopdf Info: Output file is already uptodate.
<./Figures/reco_plots/straw_data_fit_exponnorm-eps-converted-to.pdf, id=674, 46
2.52798pt x 346.89601pt>
File: ./Figures/reco_plots/straw_data_fit_exponnorm-eps-converted-to.pdf Graphi
c file (type pdf)
<use ./Figures/reco_plots/straw_data_fit_exponnorm-eps-converted-to.pdf>
Package pdftex.def Info: ./Figures/reco_plots/straw_data_fit_exponnorm-eps-conv
erted-to.pdf  used on input line 333.
(pdftex.def)             Requested size: 341.43306pt x 256.085pt.
 [50 <./Figures/reco_plots/straw_data_fit_exponnorm-eps-converted-to.pdf>] [51]

Overfull \hbox (7.9552pt too wide) in paragraph at lines 363--364
[]\OT1/cmr/m/n/12 To avoid these po-ten-tial is-sues, the prob-lem was repa-ram
-e-ter-ized from $[] = (\OML/cmm/m/it/12 ^^R; ^^^; []; t\OT1/cmr/m/n/12 )$
 []

[52]) [53]
\openout2 = `Results.aux'.

 (./Results.tex
Chapter 6.
[54



]
Package epstopdf Info: Source file: <./Figures/reco_plots/alpha_dist_linefit_no
rm.eps>
(epstopdf)                    date: 2021-07-05 21:57:14
(epstopdf)                    size: 35236 bytes
(epstopdf)             Output file: <./Figures/reco_plots/alpha_dist_linefit_no
rm-eps-converted-to.pdf>
(epstopdf)                    date: 2021-07-05 22:01:20
(epstopdf)                    size: 16604 bytes
(epstopdf)             Command: <repstopdf --outfile=./Figures/reco_plots/alpha
_dist_linefit_norm-eps-converted-to.pdf ./Figures/reco_plots/alpha_dist_linefit
_norm.eps>
(epstopdf)             \includegraphics on input line 15.
Package epstopdf Info: Output file is already uptodate.
<./Figures/reco_plots/alpha_dist_linefit_norm-eps-converted-to.pdf, id=736, 462
.72874pt x 346.29375pt>
File: ./Figures/reco_plots/alpha_dist_linefit_norm-eps-converted-to.pdf Graphic
 file (type pdf)
<use ./Figures/reco_plots/alpha_dist_linefit_norm-eps-converted-to.pdf>
Package pdftex.def Info: ./Figures/reco_plots/alpha_dist_linefit_norm-eps-conve
rted-to.pdf  used on input line 15.
(pdftex.def)             Requested size: 341.43306pt x 255.52415pt.
 [55 <./Figures/reco_plots/alpha_dist_linefit_norm-eps-converted-to.pdf>]
Package epstopdf Info: Source file: <./Figures/reco_plots/alpha_dist_llh_norm.e
ps>
(epstopdf)                    date: 2021-07-05 21:49:06
(epstopdf)                    size: 43624 bytes
(epstopdf)             Output file: <./Figures/reco_plots/alpha_dist_llh_norm-e
ps-converted-to.pdf>
(epstopdf)                    date: 2021-07-05 22:01:21
(epstopdf)                    size: 18434 bytes
(epstopdf)             Command: <repstopdf --outfile=./Figures/reco_plots/alpha
_dist_llh_norm-eps-converted-to.pdf ./Figures/reco_plots/alpha_dist_llh_norm.ep
s>
(epstopdf)             \includegraphics on input line 28.
Package epstopdf Info: Output file is already uptodate.
<./Figures/reco_plots/alpha_dist_llh_norm-eps-converted-to.pdf, id=779, 462.728
74pt x 346.29375pt>
File: ./Figures/reco_plots/alpha_dist_llh_norm-eps-converted-to.pdf Graphic fil
e (type pdf)
<use ./Figures/reco_plots/alpha_dist_llh_norm-eps-converted-to.pdf>
Package pdftex.def Info: ./Figures/reco_plots/alpha_dist_llh_norm-eps-converted
-to.pdf  used on input line 28.
(pdftex.def)             Requested size: 341.43306pt x 255.52415pt.

[56 <./Figures/reco_plots/alpha_dist_llh_norm-eps-converted-to.pdf>]
Package epstopdf Info: Source file: <./Figures/reco_plots/angular_diff_dir.eps>

(epstopdf)                    date: 2021-07-07 12:57:01
(epstopdf)                    size: 61161 bytes
(epstopdf)             Output file: <./Figures/reco_plots/angular_diff_dir-eps-
converted-to.pdf>
(epstopdf)                    date: 2021-07-07 12:57:20
(epstopdf)                    size: 21316 bytes
(epstopdf)             Command: <repstopdf --outfile=./Figures/reco_plots/angul
ar_diff_dir-eps-converted-to.pdf ./Figures/reco_plots/angular_diff_dir.eps>
(epstopdf)             \includegraphics on input line 39.
Package epstopdf Info: Output file is already uptodate.
<./Figures/reco_plots/angular_diff_dir-eps-converted-to.pdf, id=822, 462.72874p
t x 346.29375pt>
File: ./Figures/reco_plots/angular_diff_dir-eps-converted-to.pdf Graphic file (
type pdf)
<use ./Figures/reco_plots/angular_diff_dir-eps-converted-to.pdf>
Package pdftex.def Info: ./Figures/reco_plots/angular_diff_dir-eps-converted-to
.pdf  used on input line 39.
(pdftex.def)             Requested size: 341.43306pt x 255.52415pt.
 [57 <./Figures/reco_plots/angular_diff_dir-eps-converted-to.pdf>] [58]
Package epstopdf Info: Source file: <./Figures/reco_plots/alpha_dist_llh_seedco
mparison.eps>
(epstopdf)                    date: 2021-07-05 21:46:53
(epstopdf)                    size: 45649 bytes
(epstopdf)             Output file: <./Figures/reco_plots/alpha_dist_llh_seedco
mparison-eps-converted-to.pdf>
(epstopdf)                    date: 2021-07-05 22:01:22
(epstopdf)                    size: 18485 bytes
(epstopdf)             Command: <repstopdf --outfile=./Figures/reco_plots/alpha
_dist_llh_seedcomparison-eps-converted-to.pdf ./Figures/reco_plots/alpha_dist_l
lh_seedcomparison.eps>
(epstopdf)             \includegraphics on input line 71.
Package epstopdf Info: Output file is already uptodate.
<./Figures/reco_plots/alpha_dist_llh_seedcomparison-eps-converted-to.pdf, id=87
0, 462.72874pt x 346.29375pt>
File: ./Figures/reco_plots/alpha_dist_llh_seedcomparison-eps-converted-to.pdf G
raphic file (type pdf)
<use ./Figures/reco_plots/alpha_dist_llh_seedcomparison-eps-converted-to.pdf>
Package pdftex.def Info: ./Figures/reco_plots/alpha_dist_llh_seedcomparison-eps
-converted-to.pdf  used on input line 71.
(pdftex.def)             Requested size: 341.43306pt x 255.52415pt.
 [59] [60 <./Figures/reco_plots/alpha_dist_llh_seedcomparison-eps-converted-to.
pdf>]
Package epstopdf Info: Source file: <./Figures/reco_plots/angular_vert_dist_mod
ified.eps>
(epstopdf)                    date: 2021-07-07 12:04:37
(epstopdf)                    size: 75936 bytes
(epstopdf)             Output file: <./Figures/reco_plots/angular_vert_dist_mod
ified-eps-converted-to.pdf>
(epstopdf)                    date: 2021-07-07 13:23:13
(epstopdf)                    size: 22540 bytes
(epstopdf)             Command: <repstopdf --outfile=./Figures/reco_plots/angul
ar_vert_dist_modified-eps-converted-to.pdf ./Figures/reco_plots/angular_vert_di
st_modified.eps>
(epstopdf)             \includegraphics on input line 103.
Package epstopdf Info: Output file is already uptodate.
<./Figures/reco_plots/angular_vert_dist_modified-eps-converted-to.pdf, id=916, 
462.72874pt x 346.29375pt>
File: ./Figures/reco_plots/angular_vert_dist_modified-eps-converted-to.pdf Grap
hic file (type pdf)
<use ./Figures/reco_plots/angular_vert_dist_modified-eps-converted-to.pdf>
Package pdftex.def Info: ./Figures/reco_plots/angular_vert_dist_modified-eps-co
nverted-to.pdf  used on input line 103.
(pdftex.def)             Requested size: 341.43306pt x 255.52415pt.
 [61] [62 <./Figures/reco_plots/angular_vert_dist_modified-eps-converted-to.pdf
>]
Package epstopdf Info: Source file: <./Figures/reco_plots/zenith_vert_dist_modi
fied_zoomed.eps>
(epstopdf)                    date: 2021-07-07 12:52:55
(epstopdf)                    size: 29413 bytes
(epstopdf)             Output file: <./Figures/reco_plots/zenith_vert_dist_modi
fied_zoomed-eps-converted-to.pdf>
(epstopdf)                    date: 2021-07-07 13:43:14
(epstopdf)                    size: 15405 bytes
(epstopdf)             Command: <repstopdf --outfile=./Figures/reco_plots/zenit
h_vert_dist_modified_zoomed-eps-converted-to.pdf ./Figures/reco_plots/zenith_ve
rt_dist_modified_zoomed.eps>
(epstopdf)             \includegraphics on input line 112.
Package epstopdf Info: Output file is already uptodate.
<./Figures/reco_plots/zenith_vert_dist_modified_zoomed-eps-converted-to.pdf, id
=962, 462.72874pt x 346.29375pt>
File: ./Figures/reco_plots/zenith_vert_dist_modified_zoomed-eps-converted-to.pd
f Graphic file (type pdf)
<use ./Figures/reco_plots/zenith_vert_dist_modified_zoomed-eps-converted-to.pdf
>
Package pdftex.def Info: ./Figures/reco_plots/zenith_vert_dist_modified_zoomed-
eps-converted-to.pdf  used on input line 112.
(pdftex.def)             Requested size: 341.43306pt x 255.52415pt.
 [63 <./Figures/reco_plots/zenith_vert_dist_modified_zoomed-eps-converted-to.pd
f>]
<./Figures/reco_plots/alpha_dist_vs_llhratio_heat.png, id=1003, 462.528pt x 346
.896pt>
File: ./Figures/reco_plots/alpha_dist_vs_llhratio_heat.png Graphic file (type p
ng)
<use ./Figures/reco_plots/alpha_dist_vs_llhratio_heat.png>
Package pdftex.def Info: ./Figures/reco_plots/alpha_dist_vs_llhratio_heat.png  
used on input line 123.
(pdftex.def)             Requested size: 341.43306pt x 256.08499pt.
 [64 <./Figures/reco_plots/alpha_dist_vs_llhratio_heat.png>]
<./Figures/reco_plots/llhratio_comp_heat.png, id=1008, 462.528pt x 346.896pt>
File: ./Figures/reco_plots/llhratio_comp_heat.png Graphic file (type png)
<use ./Figures/reco_plots/llhratio_comp_heat.png>
Package pdftex.def Info: ./Figures/reco_plots/llhratio_comp_heat.png  used on i
nput line 133.
(pdftex.def)             Requested size: 208.13574pt x 156.10175pt.

Underfull \hbox (badness 10000) in paragraph at lines 134--134
[][]|\OT1/cmr/m/n/12 Cor-re-la-tion heatmap be-
 []


Underfull \hbox (badness 2726) in paragraph at lines 134--134
\OT1/cmr/m/n/12 tween the ini-tial neg-a-tive
 []

<./Figures/reco_plots/alpha_dist_comp_heat.png, id=1009, 462.528pt x 346.896pt>

File: ./Figures/reco_plots/alpha_dist_comp_heat.png Graphic file (type png)
<use ./Figures/reco_plots/alpha_dist_comp_heat.png>
Package pdftex.def Info: ./Figures/reco_plots/alpha_dist_comp_heat.png  used on
 input line 140.
(pdftex.def)             Requested size: 208.13574pt x 156.10175pt.
[65 <./Figures/reco_plots/llhratio_comp_heat.png> <./Figures/reco_plots/alpha_d
ist_comp_heat.png>]
Package epstopdf Info: Source file: <./Figures/reco_plots/computation_time_perp
ulse.eps>
(epstopdf)                    date: 2021-07-05 21:45:24
(epstopdf)                    size: 24855 bytes
(epstopdf)             Output file: <./Figures/reco_plots/computation_time_perp
ulse-eps-converted-to.pdf>
(epstopdf)                    date: 2021-07-05 22:01:30
(epstopdf)                    size: 12658 bytes
(epstopdf)             Command: <repstopdf --outfile=./Figures/reco_plots/compu
tation_time_perpulse-eps-converted-to.pdf ./Figures/reco_plots/computation_time
_perpulse.eps>
(epstopdf)             \includegraphics on input line 152.
Package epstopdf Info: Output file is already uptodate.
<./Figures/reco_plots/computation_time_perpulse-eps-converted-to.pdf, id=1015, 
462.72874pt x 346.29375pt>
File: ./Figures/reco_plots/computation_time_perpulse-eps-converted-to.pdf Graph
ic file (type pdf)
<use ./Figures/reco_plots/computation_time_perpulse-eps-converted-to.pdf>
Package pdftex.def Info: ./Figures/reco_plots/computation_time_perpulse-eps-con
verted-to.pdf  used on input line 152.
(pdftex.def)             Requested size: 341.43306pt x 255.52415pt.
 [66]) [67 <./Figures/reco_plots/computation_time_perpulse-eps-converted-to.pdf
>]
\openout2 = `Conclusion.aux'.

 (./Conclusion.tex
Chapter 7.
) [68



] (./Thesis.bbl [69



] [70] [71] [72] [73] [74] [75]) [76] (./Thesis.aux
(./Introduction.aux) (./Background.aux) (./The_PONE.aux) (./Simulation.aux)
(./Reconstruction.aux) (./Results.aux) (./Conclusion.aux)) ) 
Here is how much of TeX's memory you used:
 16018 strings out of 481239
 320402 string characters out of 5920377
 531419 words of memory out of 5000000
 30869 multiletter control sequences out of 15000+600000
 541789 words of font info for 56 fonts, out of 8000000 for 9000
 1141 hyphenation exceptions out of 8191
 65i,21n,73p,1596b,1007s stack positions out of 5000i,500n,10000p,200000b,80000s
{/usr/share/texmf/f
onts/enc/dvips/cm-super/cm-super-ts1.enc}</usr/share/texlive/texmf-dist/fonts/t
ype1/public/amsfonts/cmextra/cmbsy8.pfb></usr/share/texlive/texmf-dist/fonts/ty
pe1/public/amsfonts/cm/cmbx12.pfb></usr/share/texlive/texmf-dist/fonts/type1/pu
blic/amsfonts/cm/cmcsc10.pfb></usr/share/texlive/texmf-dist/fonts/type1/public/
amsfonts/cm/cmex10.pfb></usr/share/texlive/texmf-dist/fonts/type1/public/amsfon
ts/cm/cmmi12.pfb></usr/share/texlive/texmf-dist/fonts/type1/public/amsfonts/cm/
cmmi6.pfb></usr/share/texlive/texmf-dist/fonts/type1/public/amsfonts/cm/cmmi8.p
fb></usr/share/texlive/texmf-dist/fonts/type1/public/amsfonts/cm/cmmib10.pfb></
usr/share/texlive/texmf-dist/fonts/type1/public/amsfonts/cmextra/cmmib8.pfb></u
sr/share/texlive/texmf-dist/fonts/type1/public/amsfonts/cm/cmr12.pfb></usr/shar
e/texlive/texmf-dist/fonts/type1/public/amsfonts/cm/cmr6.pfb></usr/share/texliv
e/texmf-dist/fonts/type1/public/amsfonts/cm/cmr8.pfb></usr/share/texlive/texmf-
dist/fonts/type1/public/amsfonts/cm/cmsy10.pfb></usr/share/texlive/texmf-dist/f
onts/type1/public/amsfonts/cm/cmsy8.pfb></usr/share/texlive/texmf-dist/fonts/ty
pe1/public/amsfonts/cm/cmti12.pfb></usr/share/texlive/texmf-dist/fonts/type1/pu
blic/amsfonts/cm/cmtt12.pfb></usr/share/texmf/fonts/type1/public/cm-super/sfrm1
200.pfb>
Output written on Thesis.pdf (88 pages, 6830726 bytes).
PDF statistics:
 1140 PDF objects out of 1200 (max. 8388607)
 366 compressed objects within 4 object streams
 0 named destinations out of 1000 (max. 500000)
 158 words of extra memory for PDF output out of 10000 (max. 10000000)

